<?xml version="1.0" encoding="UTF-8"?>
<testng-results ignored="0" total="1" passed="1" failed="0" skipped="0">
  <reporter-output>
  </reporter-output>
  <suite started-at="2021-03-07T21:15:37 IST" name="Default suite" finished-at="2021-03-07T21:15:48 IST" duration-ms="11589">
    <groups>
    </groups>
    <test started-at="2021-03-07T21:15:37 IST" name="Default test" finished-at="2021-03-07T21:15:48 IST" duration-ms="11589">
      <class name="WebDriverManager.WDMTest">
        <test-method is-config="true" signature="setUp()[pri:0, instance:WebDriverManager.WDMTest@3059cbc]" started-at="2021-03-07T21:15:37 IST" name="setUp" finished-at="2021-03-07T21:15:44 IST" duration-ms="6802" status="PASS">
          <reporter-output>
          </reporter-output>
        </test-method> <!-- setUp -->
        <test-method signature="facebookTest()[pri:0, instance:WebDriverManager.WDMTest@3059cbc]" started-at="2021-03-07T21:15:44 IST" name="facebookTest" finished-at="2021-03-07T21:15:48 IST" duration-ms="4725" status="PASS">
          <reporter-output>
          </reporter-output>
        </test-method> <!-- facebookTest -->
      </class> <!-- WebDriverManager.WDMTest -->
    </test> <!-- Default test -->
  </suite> <!-- Default suite -->
</testng-results>
